<?xml version="1.0" encoding="UTF-8"?>
<testng-results skipped="0" failed="0" ignored="0" total="1" passed="1">
  <reporter-output>
  </reporter-output>
  <suite name="Default suite" duration-ms="43709" started-at="2021-12-22T17:15:17 IST" finished-at="2021-12-22T17:16:01 IST">
    <groups>
    </groups>
    <test name="Default test" duration-ms="43709" started-at="2021-12-22T17:15:17 IST" finished-at="2021-12-22T17:16:01 IST">
      <class name="com.maven.test.NewTest">
        <test-method status="PASS" signature="beforeTest()[pri:0, instance:com.maven.test.NewTest@4c762604]" name="beforeTest" is-config="true" duration-ms="27559" started-at="2021-12-22T17:15:17 IST" finished-at="2021-12-22T17:15:45 IST">
          <reporter-output>
          </reporter-output>
        </test-method> <!-- beforeTest -->
        <test-method status="PASS" signature="test()[pri:0, instance:com.maven.test.NewTest@4c762604]" name="test" duration-ms="13877" started-at="2021-12-22T17:15:45 IST" finished-at="2021-12-22T17:15:59 IST">
          <reporter-output>
          </reporter-output>
        </test-method> <!-- test -->
        <test-method status="PASS" signature="afterTest()[pri:0, instance:com.maven.test.NewTest@4c762604]" name="afterTest" is-config="true" duration-ms="2065" started-at="2021-12-22T17:15:59 IST" finished-at="2021-12-22T17:16:01 IST">
          <reporter-output>
          </reporter-output>
        </test-method> <!-- afterTest -->
      </class> <!-- com.maven.test.NewTest -->
    </test> <!-- Default test -->
  </suite> <!-- Default suite -->
</testng-results>
