<?xml version="1.0" encoding="UTF-8"?>
<testng-results skipped="0" failed="0" ignored="0" total="1" passed="1">
  <reporter-output>
  </reporter-output>
  <suite name="Default suite" duration-ms="31515" started-at="2021-12-22T17:50:17 IST" finished-at="2021-12-22T17:50:49 IST">
    <groups>
    </groups>
    <test name="Default test" duration-ms="31515" started-at="2021-12-22T17:50:17 IST" finished-at="2021-12-22T17:50:49 IST">
      <class name="com.maven.test.NewTest">
        <test-method status="PASS" signature="beforeTest()[pri:0, instance:com.maven.test.NewTest@319b92f3]" name="beforeTest" is-config="true" duration-ms="15248" started-at="2021-12-22T17:50:17 IST" finished-at="2021-12-22T17:50:33 IST">
          <reporter-output>
          </reporter-output>
        </test-method> <!-- beforeTest -->
        <test-method status="PASS" signature="test()[pri:0, instance:com.maven.test.NewTest@319b92f3]" name="test" duration-ms="14390" started-at="2021-12-22T17:50:33 IST" finished-at="2021-12-22T17:50:47 IST">
          <reporter-output>
          </reporter-output>
        </test-method> <!-- test -->
        <test-method status="PASS" signature="afterTest()[pri:0, instance:com.maven.test.NewTest@319b92f3]" name="afterTest" is-config="true" duration-ms="1780" started-at="2021-12-22T17:50:47 IST" finished-at="2021-12-22T17:50:49 IST">
          <reporter-output>
          </reporter-output>
        </test-method> <!-- afterTest -->
      </class> <!-- com.maven.test.NewTest -->
    </test> <!-- Default test -->
  </suite> <!-- Default suite -->
</testng-results>
